<?xml version="1.0" encoding="UTF-8"?>
<!-- Generated by org.testng.reporters.JUnitReportReporter -->
<testsuite hostname="DESKTOP-I1C040V" name="Com.Durgasoft.HMS.TestCase001" tests="1" failures="0" timestamp="20 Mar 2019 18:46:04 GMT" time="0.017" errors="0">
  <testcase name="f" time="0.017" classname="Com.Durgasoft.HMS.TestCase001"/>
</testsuite> <!-- Com.Durgasoft.HMS.TestCase001 -->
